This is e-pTeX, Version 3.1415926-p3.2-110415-2.3 (sjis) (Web2C 2011) (format=platex 2012.1.21)  21 JAN 2012 12:19
entering extended mode
 restricted \write18 enabled.
 %&-line parsing enabled.
**21-114253-junk.
(c:/texlive/2011/texmf-dist/tex/latex/tools/x.tex
pLaTeX2e <2006/11/10> (based on LaTeX2e <2011/06/27> patch level 0)
Babel <v3.8m> and hyphenation patterns for english, dumylang, nohyphenation, af
rikaans, arabic, basque, bulgarian, catalan, pinyin, croatian, czech, danish, d
utch, ukenglish, usenglishmax, esperanto, estonian, farsi, finnish, french, gal
ician, german, ngerman, swissgerman, hungarian, icelandic, indonesian, interlin
gua, irish, italian, kurmanji, latin, latvian, lithuanian, mongolian, mongolian
lmc, bokmal, nynorsk, polish, portuguese, romanian, russian, serbian, serbianc,
 slovak, slovenian, spanish, swedish, turkish, turkmen, ukrainian, uppersorbian
, welsh, ancientgreek, ibycus, monogreek, greek, coptic, loaded.

! .
l.34   \batchmode \errmessage{}
                               \csname @@end\endcsname \end
This error message was generated by an \errmessage
command, so I can't give any explicit help.
Pretend that you're Hercule Poirot: Examine all clues,
and deduce the truth by order and method.

 ) 
Here is how much of TeX's memory you used:
 8 strings out of 494159
 162 string characters out of 3162860
 51030 words of memory out of 3000000
 3498 multiletter control sequences out of 15000+200000
 7519 words of font info for 31 fonts, out of 3000000 for 9000
 745 hyphenation exceptions out of 8191
 5i,0n,1p,95b,8s stack positions out of 5000i,500n,10000p,200000b,50000s

No pages of output.
